{"C:\\Projects\\camunda-ui\\Project\\src\\setupTests.js": {"path":"C:\\Projects\\camunda-ui\\Project\\src\\setupTests.js","statementMap":{"0":{"start":{"line":5,"column":0},"end":{"line":5,"column":45}},"1":{"start":{"line":8,"column":0},"end":{"line":8,"column":21}},"2":{"start":{"line":9,"column":0},"end":{"line":9,"column":25}},"3":{"start":{"line":10,"column":0},"end":{"line":10,"column":23}},"4":{"start":{"line":11,"column":0},"end":{"line":11,"column":21}}},"fnMap":{},"branchMap":{},"s":{"0":1,"1":1,"2":1,"3":1,"4":1},"f":{},"b":{},"_coverageSchema":"332fd63041d2c1bcb487cc26dd0d5f7d97098a6c","hash":"5b335f502f237e43ed76723e63d34d33053136d7"}
,"C:\\Projects\\camunda-ui\\Project\\src\\components\\App\\index.js": {"path":"C:\\Projects\\camunda-ui\\Project\\src\\components\\App\\index.js","statementMap":{"0":{"start":{"line":13,"column":4},"end":{"line":15,"column":5}},"1":{"start":{"line":14,"column":6},"end":{"line":14,"column":44}},"2":{"start":{"line":17,"column":4},"end":{"line":19,"column":5}},"3":{"start":{"line":18,"column":6},"end":{"line":18,"column":52}},"4":{"start":{"line":33,"column":29},"end":{"line":33,"column":39}},"5":{"start":{"line":34,"column":31},"end":{"line":34,"column":36}},"6":{"start":{"line":36,"column":4},"end":{"line":41,"column":7}},"7":{"start":{"line":37,"column":6},"end":{"line":40,"column":7}},"8":{"start":{"line":38,"column":8},"end":{"line":38,"column":40}},"9":{"start":{"line":39,"column":8},"end":{"line":39,"column":36}},"10":{"start":{"line":43,"column":4},"end":{"line":45,"column":5}},"11":{"start":{"line":44,"column":6},"end":{"line":44,"column":33}},"12":{"start":{"line":50,"column":29},"end":{"line":50,"column":39}},"13":{"start":{"line":52,"column":18},"end":{"line":52,"column":66}},"14":{"start":{"line":52,"column":46},"end":{"line":52,"column":65}},"15":{"start":{"line":53,"column":4},"end":{"line":55,"column":5}},"16":{"start":{"line":54,"column":6},"end":{"line":54,"column":36}},"17":{"start":{"line":60,"column":14},"end":{"line":60,"column":15}},"18":{"start":{"line":61,"column":14},"end":{"line":61,"column":23}},"19":{"start":{"line":62,"column":15},"end":{"line":62,"column":50}},"20":{"start":{"line":64,"column":4},"end":{"line":64,"column":26}},"21":{"start":{"line":66,"column":18},"end":{"line":82,"column":5}},"22":{"start":{"line":83,"column":20},"end":{"line":83,"column":47}},"23":{"start":{"line":85,"column":17},"end":{"line":85,"column":89}},"24":{"start":{"line":86,"column":4},"end":{"line":86,"column":45}},"25":{"start":{"line":87,"column":4},"end":{"line":87,"column":49}},"26":{"start":{"line":88,"column":4},"end":{"line":88,"column":39}},"27":{"start":{"line":89,"column":4},"end":{"line":89,"column":20}},"28":{"start":{"line":93,"column":4},"end":{"line":103,"column":5}},"29":{"start":{"line":99,"column":72},"end":{"line":99,"column":95}},"30":{"start":{"line":107,"column":24},"end":{"line":111,"column":2}},"31":{"start":{"line":107,"column":34},"end":{"line":111,"column":1}}},"fnMap":{"0":{"name":"(anonymous_0)","decl":{"start":{"line":11,"column":2},"end":{"line":11,"column":3}},"loc":{"start":{"line":11,"column":39},"end":{"line":21,"column":3}},"line":11},"1":{"name":"(anonymous_1)","decl":{"start":{"line":32,"column":15},"end":{"line":32,"column":16}},"loc":{"start":{"line":32,"column":26},"end":{"line":47,"column":3}},"line":32},"2":{"name":"(anonymous_2)","decl":{"start":{"line":36,"column":25},"end":{"line":36,"column":26}},"loc":{"start":{"line":36,"column":31},"end":{"line":41,"column":5}},"line":36},"3":{"name":"(anonymous_3)","decl":{"start":{"line":49,"column":18},"end":{"line":49,"column":19}},"loc":{"start":{"line":49,"column":29},"end":{"line":56,"column":3}},"line":49},"4":{"name":"(anonymous_4)","decl":{"start":{"line":52,"column":41},"end":{"line":52,"column":42}},"loc":{"start":{"line":52,"column":46},"end":{"line":52,"column":65}},"line":52},"5":{"name":"(anonymous_5)","decl":{"start":{"line":58,"column":16},"end":{"line":58,"column":17}},"loc":{"start":{"line":58,"column":22},"end":{"line":90,"column":3}},"line":58},"6":{"name":"(anonymous_6)","decl":{"start":{"line":92,"column":2},"end":{"line":92,"column":3}},"loc":{"start":{"line":92,"column":11},"end":{"line":104,"column":3}},"line":92},"7":{"name":"(anonymous_7)","decl":{"start":{"line":99,"column":61},"end":{"line":99,"column":62}},"loc":{"start":{"line":99,"column":72},"end":{"line":99,"column":95}},"line":99},"8":{"name":"(anonymous_8)","decl":{"start":{"line":107,"column":24},"end":{"line":107,"column":25}},"loc":{"start":{"line":107,"column":34},"end":{"line":111,"column":1}},"line":107}},"branchMap":{"0":{"loc":{"start":{"line":13,"column":4},"end":{"line":15,"column":5}},"type":"if","locations":[{"start":{"line":13,"column":4},"end":{"line":15,"column":5}},{"start":{"line":13,"column":4},"end":{"line":15,"column":5}}],"line":13},"1":{"loc":{"start":{"line":17,"column":4},"end":{"line":19,"column":5}},"type":"if","locations":[{"start":{"line":17,"column":4},"end":{"line":19,"column":5}},{"start":{"line":17,"column":4},"end":{"line":19,"column":5}}],"line":17},"2":{"loc":{"start":{"line":37,"column":6},"end":{"line":40,"column":7}},"type":"if","locations":[{"start":{"line":37,"column":6},"end":{"line":40,"column":7}},{"start":{"line":37,"column":6},"end":{"line":40,"column":7}}],"line":37},"3":{"loc":{"start":{"line":43,"column":4},"end":{"line":45,"column":5}},"type":"if","locations":[{"start":{"line":43,"column":4},"end":{"line":45,"column":5}},{"start":{"line":43,"column":4},"end":{"line":45,"column":5}}],"line":43},"4":{"loc":{"start":{"line":53,"column":4},"end":{"line":55,"column":5}},"type":"if","locations":[{"start":{"line":53,"column":4},"end":{"line":55,"column":5}},{"start":{"line":53,"column":4},"end":{"line":55,"column":5}}],"line":53}},"s":{"0":0,"1":0,"2":0,"3":0,"4":0,"5":0,"6":0,"7":0,"8":0,"9":0,"10":0,"11":0,"12":0,"13":0,"14":0,"15":0,"16":0,"17":0,"18":0,"19":0,"20":0,"21":0,"22":0,"23":0,"24":0,"25":0,"26":0,"27":0,"28":2,"29":0,"30":1,"31":2},"f":{"0":0,"1":0,"2":0,"3":0,"4":0,"5":0,"6":2,"7":0,"8":2},"b":{"0":[0,0],"1":[0,0],"2":[0,0],"3":[0,0],"4":[0,0]},"_coverageSchema":"332fd63041d2c1bcb487cc26dd0d5f7d97098a6c","hash":"5319cef2bde185cbb10104406e17a5acc5a83fef"}
,"C:\\Projects\\camunda-ui\\Project\\src\\components\\Checkbox\\index.js": {"path":"C:\\Projects\\camunda-ui\\Project\\src\\components\\Checkbox\\index.js","statementMap":{"0":{"start":{"line":16,"column":34},"end":{"line":16,"column":44}},"1":{"start":{"line":17,"column":4},"end":{"line":21,"column":7}},"2":{"start":{"line":17,"column":38},"end":{"line":19,"column":5}},"3":{"start":{"line":20,"column":6},"end":{"line":20,"column":46}},"4":{"start":{"line":25,"column":14},"end":{"line":25,"column":15}},"5":{"start":{"line":26,"column":14},"end":{"line":26,"column":23}},"6":{"start":{"line":27,"column":17},"end":{"line":27,"column":52}},"7":{"start":{"line":29,"column":4},"end":{"line":29,"column":31}},"8":{"start":{"line":31,"column":26},"end":{"line":31,"column":36}},"9":{"start":{"line":33,"column":4},"end":{"line":45,"column":6}}},"fnMap":{"0":{"name":"(anonymous_0)","decl":{"start":{"line":15,"column":25},"end":{"line":15,"column":26}},"loc":{"start":{"line":15,"column":31},"end":{"line":22,"column":3}},"line":15},"1":{"name":"(anonymous_1)","decl":{"start":{"line":17,"column":18},"end":{"line":17,"column":19}},"loc":{"start":{"line":17,"column":38},"end":{"line":19,"column":5}},"line":17},"2":{"name":"(anonymous_2)","decl":{"start":{"line":19,"column":8},"end":{"line":19,"column":9}},"loc":{"start":{"line":19,"column":14},"end":{"line":21,"column":5}},"line":19},"3":{"name":"(anonymous_3)","decl":{"start":{"line":24,"column":2},"end":{"line":24,"column":3}},"loc":{"start":{"line":24,"column":11},"end":{"line":46,"column":3}},"line":24}},"branchMap":{},"s":{"0":0,"1":0,"2":0,"3":0,"4":0,"5":0,"6":0,"7":0,"8":0,"9":0},"f":{"0":0,"1":0,"2":0,"3":0},"b":{},"_coverageSchema":"332fd63041d2c1bcb487cc26dd0d5f7d97098a6c","hash":"328882580c29064a3a8d7d9f890f7fc67e3d0172"}
,"C:\\Projects\\camunda-ui\\Project\\src\\components\\Header\\Header.js": {"path":"C:\\Projects\\camunda-ui\\Project\\src\\components\\Header\\Header.js","statementMap":{"0":{"start":{"line":6,"column":8},"end":{"line":12,"column":9}}},"fnMap":{"0":{"name":"(anonymous_0)","decl":{"start":{"line":5,"column":4},"end":{"line":5,"column":5}},"loc":{"start":{"line":5,"column":13},"end":{"line":13,"column":5}},"line":5}},"branchMap":{},"s":{"0":2},"f":{"0":2},"b":{},"_coverageSchema":"332fd63041d2c1bcb487cc26dd0d5f7d97098a6c","hash":"6cb589774d771434367e69a57858f9e2d097e84d"}
,"C:\\Projects\\camunda-ui\\Project\\src\\components\\Shelf\\index.js": {"path":"C:\\Projects\\camunda-ui\\Project\\src\\components\\Shelf\\index.js","statementMap":{"0":{"start":{"line":23,"column":4},"end":{"line":23,"column":31}},"1":{"start":{"line":27,"column":4},"end":{"line":27,"column":39}},"2":{"start":{"line":28,"column":4},"end":{"line":30,"column":7}},"3":{"start":{"line":29,"column":6},"end":{"line":29,"column":42}},"4":{"start":{"line":34,"column":25},"end":{"line":34,"column":35}},"5":{"start":{"line":35,"column":26},"end":{"line":35,"column":36}},"6":{"start":{"line":37,"column":4},"end":{"line":44,"column":6}},"7":{"start":{"line":48,"column":24},"end":{"line":50,"column":2}},"8":{"start":{"line":48,"column":34},"end":{"line":50,"column":1}}},"fnMap":{"0":{"name":"(anonymous_0)","decl":{"start":{"line":22,"column":2},"end":{"line":22,"column":3}},"loc":{"start":{"line":22,"column":22},"end":{"line":24,"column":3}},"line":22},"1":{"name":"(anonymous_1)","decl":{"start":{"line":26,"column":24},"end":{"line":26,"column":25}},"loc":{"start":{"line":26,"column":30},"end":{"line":31,"column":3}},"line":26},"2":{"name":"(anonymous_2)","decl":{"start":{"line":28,"column":29},"end":{"line":28,"column":30}},"loc":{"start":{"line":28,"column":35},"end":{"line":30,"column":5}},"line":28},"3":{"name":"(anonymous_3)","decl":{"start":{"line":33,"column":2},"end":{"line":33,"column":3}},"loc":{"start":{"line":33,"column":11},"end":{"line":45,"column":3}},"line":33},"4":{"name":"(anonymous_4)","decl":{"start":{"line":48,"column":24},"end":{"line":48,"column":25}},"loc":{"start":{"line":48,"column":34},"end":{"line":50,"column":1}},"line":48}},"branchMap":{"0":{"loc":{"start":{"line":39,"column":9},"end":{"line":39,"column":33}},"type":"binary-expr","locations":[{"start":{"line":39,"column":9},"end":{"line":39,"column":18}},{"start":{"line":39,"column":22},"end":{"line":39,"column":33}}],"line":39}},"s":{"0":1,"1":1,"2":1,"3":0,"4":2,"5":2,"6":2,"7":1,"8":1},"f":{"0":1,"1":1,"2":0,"3":2,"4":1},"b":{"0":[2,1]},"_coverageSchema":"332fd63041d2c1bcb487cc26dd0d5f7d97098a6c","hash":"1ba48a9aaec964b5b7d2efcac5c04d8035389253"}
,"C:\\Projects\\camunda-ui\\Project\\src\\components\\Shelf\\ProductList\\index.js": {"path":"C:\\Projects\\camunda-ui\\Project\\src\\components\\Shelf\\ProductList\\index.js","statementMap":{"0":{"start":{"line":5,"column":20},"end":{"line":9,"column":1}},"1":{"start":{"line":6,"column":2},"end":{"line":8,"column":5}},"2":{"start":{"line":7,"column":4},"end":{"line":7,"column":46}}},"fnMap":{"0":{"name":"(anonymous_0)","decl":{"start":{"line":5,"column":20},"end":{"line":5,"column":21}},"loc":{"start":{"line":5,"column":38},"end":{"line":9,"column":1}},"line":5},"1":{"name":"(anonymous_1)","decl":{"start":{"line":6,"column":22},"end":{"line":6,"column":23}},"loc":{"start":{"line":6,"column":27},"end":{"line":8,"column":3}},"line":6}},"branchMap":{},"s":{"0":1,"1":2,"2":0},"f":{"0":2,"1":0},"b":{},"_coverageSchema":"332fd63041d2c1bcb487cc26dd0d5f7d97098a6c","hash":"37f2e791324e7ce58d57a52405fdb556a115f8d0"}
,"C:\\Projects\\camunda-ui\\Project\\src\\components\\Shelf\\ProductList\\Product\\index.js": {"path":"C:\\Projects\\camunda-ui\\Project\\src\\components\\Shelf\\ProductList\\Product\\index.js","statementMap":{"0":{"start":{"line":9,"column":16},"end":{"line":33,"column":1}},"1":{"start":{"line":11,"column":28},"end":{"line":17,"column":3}},"2":{"start":{"line":12,"column":4},"end":{"line":16,"column":5}},"3":{"start":{"line":13,"column":6},"end":{"line":13,"column":26}},"4":{"start":{"line":15,"column":6},"end":{"line":15,"column":29}},"5":{"start":{"line":19,"column":2},"end":{"line":32,"column":4}},"6":{"start":{"line":35,"column":0},"end":{"line":39,"column":2}}},"fnMap":{"0":{"name":"(anonymous_0)","decl":{"start":{"line":9,"column":16},"end":{"line":9,"column":17}},"loc":{"start":{"line":9,"column":60},"end":{"line":33,"column":1}},"line":9},"1":{"name":"(anonymous_1)","decl":{"start":{"line":11,"column":28},"end":{"line":11,"column":29}},"loc":{"start":{"line":11,"column":43},"end":{"line":17,"column":3}},"line":11}},"branchMap":{"0":{"loc":{"start":{"line":12,"column":4},"end":{"line":16,"column":5}},"type":"if","locations":[{"start":{"line":12,"column":4},"end":{"line":16,"column":5}},{"start":{"line":12,"column":4},"end":{"line":16,"column":5}}],"line":12}},"s":{"0":1,"1":0,"2":0,"3":0,"4":0,"5":0,"6":1},"f":{"0":0,"1":0},"b":{"0":[0,0]},"_coverageSchema":"332fd63041d2c1bcb487cc26dd0d5f7d97098a6c","hash":"d6a6be28c5c3801fca2bbc899e533cb73dabe7d2"}
,"C:\\Projects\\camunda-ui\\Project\\src\\components\\Spinner\\index.js": {"path":"C:\\Projects\\camunda-ui\\Project\\src\\components\\Spinner\\index.js","statementMap":{"0":{"start":{"line":6,"column":2},"end":{"line":11,"column":8}}},"fnMap":{"0":{"name":"(anonymous_0)","decl":{"start":{"line":5,"column":15},"end":{"line":5,"column":16}},"loc":{"start":{"line":6,"column":2},"end":{"line":11,"column":8}},"line":6}},"branchMap":{},"s":{"0":1},"f":{"0":1},"b":{},"_coverageSchema":"332fd63041d2c1bcb487cc26dd0d5f7d97098a6c","hash":"5ec81ae982974c6af01a4c259ae9755dafef5f90"}
,"C:\\Projects\\camunda-ui\\Project\\src\\components\\Thumb\\index.js": {"path":"C:\\Projects\\camunda-ui\\Project\\src\\components\\Thumb\\index.js","statementMap":{"0":{"start":{"line":4,"column":14},"end":{"line":8,"column":1}},"1":{"start":{"line":5,"column":2},"end":{"line":7,"column":8}},"2":{"start":{"line":10,"column":0},"end":{"line":15,"column":2}}},"fnMap":{"0":{"name":"(anonymous_0)","decl":{"start":{"line":4,"column":14},"end":{"line":4,"column":15}},"loc":{"start":{"line":5,"column":2},"end":{"line":7,"column":8}},"line":5}},"branchMap":{},"s":{"0":1,"1":0,"2":1},"f":{"0":0},"b":{},"_coverageSchema":"332fd63041d2c1bcb487cc26dd0d5f7d97098a6c","hash":"01fa387a4901c73e57e4c4fee52e74ce40645264"}
,"C:\\Projects\\camunda-ui\\Project\\src\\services\\reducers.js": {"path":"C:\\Projects\\camunda-ui\\Project\\src\\services\\reducers.js","statementMap":{},"fnMap":{},"branchMap":{},"s":{},"f":{},"b":{},"_coverageSchema":"332fd63041d2c1bcb487cc26dd0d5f7d97098a6c","hash":"b83bd06dcb3ed62ae7ab50d25d36ae77b8b5af65"}
,"C:\\Projects\\camunda-ui\\Project\\src\\services\\store.js": {"path":"C:\\Projects\\camunda-ui\\Project\\src\\services\\store.js","statementMap":{"0":{"start":{"line":6,"column":2},"end":{"line":6,"column":20}},"1":{"start":{"line":7,"column":21},"end":{"line":7,"column":28}},"2":{"start":{"line":9,"column":16},"end":{"line":15,"column":3}},"3":{"start":{"line":17,"column":2},"end":{"line":17,"column":15}}},"fnMap":{"0":{"name":"(anonymous_0)","decl":{"start":{"line":5,"column":15},"end":{"line":5,"column":16}},"loc":{"start":{"line":5,"column":31},"end":{"line":18,"column":1}},"line":5}},"branchMap":{},"s":{"0":1,"1":1,"2":1,"3":1},"f":{"0":1},"b":{},"_coverageSchema":"332fd63041d2c1bcb487cc26dd0d5f7d97098a6c","hash":"cc4ff4b2aa8bc4fe8ece70ed217d4f0570266258"}
,"C:\\Projects\\camunda-ui\\Project\\src\\services\\util.js": {"path":"C:\\Projects\\camunda-ui\\Project\\src\\services\\util.js","statementMap":{"0":{"start":{"line":1,"column":27},"end":{"line":8,"column":1}},"1":{"start":{"line":2,"column":2},"end":{"line":7,"column":3}},"2":{"start":{"line":4,"column":6},"end":{"line":4,"column":44}},"3":{"start":{"line":6,"column":6},"end":{"line":6,"column":26}},"4":{"start":{"line":11,"column":27},"end":{"line":11,"column":63}}},"fnMap":{"0":{"name":"(anonymous_0)","decl":{"start":{"line":1,"column":27},"end":{"line":1,"column":28}},"loc":{"start":{"line":1,"column":44},"end":{"line":8,"column":1}},"line":1}},"branchMap":{"0":{"loc":{"start":{"line":2,"column":2},"end":{"line":7,"column":3}},"type":"switch","locations":[{"start":{"line":3,"column":4},"end":{"line":4,"column":44}},{"start":{"line":5,"column":4},"end":{"line":6,"column":26}}],"line":2}},"s":{"0":1,"1":0,"2":0,"3":0,"4":1},"f":{"0":0},"b":{"0":[0,0]},"_coverageSchema":"332fd63041d2c1bcb487cc26dd0d5f7d97098a6c","hash":"a02dedae365b631e585b33f430768e45b9ad8106"}
,"C:\\Projects\\camunda-ui\\Project\\src\\services\\cart\\actionTypes.js": {"path":"C:\\Projects\\camunda-ui\\Project\\src\\services\\cart\\actionTypes.js","statementMap":{"0":{"start":{"line":1,"column":27},"end":{"line":1,"column":40}},"1":{"start":{"line":2,"column":30},"end":{"line":2,"column":46}},"2":{"start":{"line":3,"column":27},"end":{"line":3,"column":40}}},"fnMap":{},"branchMap":{},"s":{"0":1,"1":1,"2":1},"f":{},"b":{},"_coverageSchema":"332fd63041d2c1bcb487cc26dd0d5f7d97098a6c","hash":"7e1d9777fb1bebfe19de32b464f251bdd4758035"}
,"C:\\Projects\\camunda-ui\\Project\\src\\services\\cart\\actions.js": {"path":"C:\\Projects\\camunda-ui\\Project\\src\\services\\cart\\actions.js","statementMap":{"0":{"start":{"line":3,"column":26},"end":{"line":6,"column":2}},"1":{"start":{"line":3,"column":38},"end":{"line":6,"column":1}},"2":{"start":{"line":8,"column":29},"end":{"line":11,"column":2}},"3":{"start":{"line":8,"column":41},"end":{"line":11,"column":1}}},"fnMap":{"0":{"name":"(anonymous_0)","decl":{"start":{"line":3,"column":26},"end":{"line":3,"column":27}},"loc":{"start":{"line":3,"column":38},"end":{"line":6,"column":1}},"line":3},"1":{"name":"(anonymous_1)","decl":{"start":{"line":8,"column":29},"end":{"line":8,"column":30}},"loc":{"start":{"line":8,"column":41},"end":{"line":11,"column":1}},"line":8}},"branchMap":{},"s":{"0":1,"1":0,"2":1,"3":0},"f":{"0":0,"1":0},"b":{},"_coverageSchema":"332fd63041d2c1bcb487cc26dd0d5f7d97098a6c","hash":"12b50484f7297a8a37554ddd9595baa84fab1c3a"}
,"C:\\Projects\\camunda-ui\\Project\\src\\services\\cart\\reducer.js": {"path":"C:\\Projects\\camunda-ui\\Project\\src\\services\\cart\\reducer.js","statementMap":{"0":{"start":{"line":3,"column":21},"end":{"line":5,"column":1}},"1":{"start":{"line":8,"column":2},"end":{"line":21,"column":3}},"2":{"start":{"line":10,"column":6},"end":{"line":13,"column":8}},"3":{"start":{"line":15,"column":6},"end":{"line":18,"column":8}},"4":{"start":{"line":20,"column":6},"end":{"line":20,"column":19}}},"fnMap":{"0":{"name":"(anonymous_0)","decl":{"start":{"line":7,"column":15},"end":{"line":7,"column":16}},"loc":{"start":{"line":7,"column":55},"end":{"line":22,"column":1}},"line":7}},"branchMap":{"0":{"loc":{"start":{"line":7,"column":25},"end":{"line":7,"column":45}},"type":"default-arg","locations":[{"start":{"line":7,"column":33},"end":{"line":7,"column":45}}],"line":7},"1":{"loc":{"start":{"line":8,"column":2},"end":{"line":21,"column":3}},"type":"switch","locations":[{"start":{"line":9,"column":4},"end":{"line":13,"column":8}},{"start":{"line":14,"column":4},"end":{"line":18,"column":8}},{"start":{"line":19,"column":4},"end":{"line":20,"column":19}}],"line":8}},"s":{"0":1,"1":3,"2":0,"3":0,"4":3},"f":{"0":3},"b":{"0":[3],"1":[0,0,3]},"_coverageSchema":"332fd63041d2c1bcb487cc26dd0d5f7d97098a6c","hash":"d36ec09110556bf11acfcdee9a67c20d1b3bba6e"}
,"C:\\Projects\\camunda-ui\\Project\\src\\services\\shelf\\actionTypes.js": {"path":"C:\\Projects\\camunda-ui\\Project\\src\\services\\shelf\\actionTypes.js","statementMap":{"0":{"start":{"line":1,"column":30},"end":{"line":1,"column":46}}},"fnMap":{},"branchMap":{},"s":{"0":1},"f":{},"b":{},"_coverageSchema":"332fd63041d2c1bcb487cc26dd0d5f7d97098a6c","hash":"2438a3725e04b32580d2649f45b80f1b2c46b596"}
,"C:\\Projects\\camunda-ui\\Project\\src\\services\\shelf\\actions.js": {"path":"C:\\Projects\\camunda-ui\\Project\\src\\services\\shelf\\actions.js","statementMap":{"0":{"start":{"line":6,"column":29},"end":{"line":24,"column":1}},"1":{"start":{"line":6,"column":41},"end":{"line":24,"column":1}},"2":{"start":{"line":7,"column":2},"end":{"line":23,"column":7}},"3":{"start":{"line":10,"column":25},"end":{"line":10,"column":33}},"4":{"start":{"line":12,"column":6},"end":{"line":14,"column":7}},"5":{"start":{"line":13,"column":8},"end":{"line":13,"column":19}},"6":{"start":{"line":16,"column":6},"end":{"line":19,"column":9}},"7":{"start":{"line":22,"column":6},"end":{"line":22,"column":64}}},"fnMap":{"0":{"name":"(anonymous_0)","decl":{"start":{"line":6,"column":29},"end":{"line":6,"column":30}},"loc":{"start":{"line":6,"column":41},"end":{"line":24,"column":1}},"line":6},"1":{"name":"(anonymous_1)","decl":{"start":{"line":6,"column":41},"end":{"line":6,"column":42}},"loc":{"start":{"line":6,"column":53},"end":{"line":24,"column":1}},"line":6},"2":{"name":"(anonymous_2)","decl":{"start":{"line":9,"column":10},"end":{"line":9,"column":11}},"loc":{"start":{"line":9,"column":17},"end":{"line":20,"column":5}},"line":9},"3":{"name":"(anonymous_3)","decl":{"start":{"line":21,"column":11},"end":{"line":21,"column":12}},"loc":{"start":{"line":21,"column":18},"end":{"line":23,"column":5}},"line":21}},"branchMap":{"0":{"loc":{"start":{"line":12,"column":6},"end":{"line":14,"column":7}},"type":"if","locations":[{"start":{"line":12,"column":6},"end":{"line":14,"column":7}},{"start":{"line":12,"column":6},"end":{"line":14,"column":7}}],"line":12}},"s":{"0":1,"1":1,"2":1,"3":0,"4":0,"5":0,"6":0,"7":0},"f":{"0":1,"1":1,"2":0,"3":0},"b":{"0":[0,0]},"_coverageSchema":"332fd63041d2c1bcb487cc26dd0d5f7d97098a6c","hash":"e1f2ff89fe3134fc06d01175439b13318e5412e9"}
,"C:\\Projects\\camunda-ui\\Project\\src\\services\\shelf\\reducer.js": {"path":"C:\\Projects\\camunda-ui\\Project\\src\\services\\shelf\\reducer.js","statementMap":{"0":{"start":{"line":3,"column":21},"end":{"line":5,"column":1}},"1":{"start":{"line":8,"column":2},"end":{"line":16,"column":3}},"2":{"start":{"line":10,"column":6},"end":{"line":13,"column":8}},"3":{"start":{"line":15,"column":6},"end":{"line":15,"column":19}}},"fnMap":{"0":{"name":"(anonymous_0)","decl":{"start":{"line":7,"column":15},"end":{"line":7,"column":16}},"loc":{"start":{"line":7,"column":55},"end":{"line":17,"column":1}},"line":7}},"branchMap":{"0":{"loc":{"start":{"line":7,"column":25},"end":{"line":7,"column":45}},"type":"default-arg","locations":[{"start":{"line":7,"column":33},"end":{"line":7,"column":45}}],"line":7},"1":{"loc":{"start":{"line":8,"column":2},"end":{"line":16,"column":3}},"type":"switch","locations":[{"start":{"line":9,"column":4},"end":{"line":13,"column":8}},{"start":{"line":14,"column":4},"end":{"line":15,"column":19}}],"line":8}},"s":{"0":1,"1":3,"2":0,"3":3},"f":{"0":3},"b":{"0":[3],"1":[0,3]},"_coverageSchema":"332fd63041d2c1bcb487cc26dd0d5f7d97098a6c","hash":"068d00da9a0b0afa125b77417c0ba0af669e8293"}
}
